Using pre-set license
Built from '2021.2/staging' branch; Version is '2021.2.0b9 (162b5e238388) revision 1452894'; Using compiler version '192829333'; Build Type 'Release'
OS: 'Windows 10 Home; OS build 19043.1055; Version 2009; 64bit' Language: 'unknown' Physical Memory: 16300 MB
BatchMode: 1, IsHumanControllingUs: 0, StartBugReporterOnCrash: 0, Is64bit: 1, IsPro: 0

COMMAND LINE ARGUMENTS:
D:\Unity\Hub\Editor\2021.2.0b9\Editor\Unity.exe
-adb2
-batchMode
-noUpm
-name
AssetImportWorker0
-projectPath
I:/bjonreyes github/Djordje Stanisavljevic's LSW programming interview task/LSW clothes shop/LSW-clothes-shop
-logFile
Logs/AssetImportWorker0.log
-srvPort
54465
Successfully changed project path to: I:/bjonreyes github/Djordje Stanisavljevic's LSW programming interview task/LSW clothes shop/LSW-clothes-shop
I:/bjonreyes github/Djordje Stanisavljevic's LSW programming interview task/LSW clothes shop/LSW-clothes-shop
[UnityMemory] Configuration Parameters - Can be set up in boot.config
    "memorysetup-bucket-allocator-granularity=16"
    "memorysetup-bucket-allocator-bucket-count=8"
    "memorysetup-bucket-allocator-block-size=33554432"
    "memorysetup-bucket-allocator-block-count=8"
    "memorysetup-main-allocator-block-size=16777216"
    "memorysetup-thread-allocator-block-size=16777216"
    "memorysetup-gfx-main-allocator-block-size=16777216"
    "memorysetup-gfx-thread-allocator-block-size=16777216"
    "memorysetup-cache-allocator-block-size=4194304"
    "memorysetup-typetree-allocator-block-size=2097152"
    "memorysetup-profiler-bucket-allocator-granularity=16"
    "memorysetup-profiler-bucket-allocator-bucket-count=8"
    "memorysetup-profiler-bucket-allocator-block-size=33554432"
    "memorysetup-profiler-bucket-allocator-block-count=8"
    "memorysetup-profiler-allocator-block-size=16777216"
    "memorysetup-profiler-editor-allocator-block-size=1048576"
    "memorysetup-temp-allocator-size-main=16777216"
    "memorysetup-job-temp-allocator-block-size=2097152"
    "memorysetup-job-temp-allocator-block-size-background=1048576"
    "memorysetup-job-temp-allocator-reduction-small-platforms=262144"
    "memorysetup-temp-allocator-size-background-worker=32768"
    "memorysetup-temp-allocator-size-job-worker=262144"
    "memorysetup-temp-allocator-size-preload-manager=33554432"
    "memorysetup-temp-allocator-size-nav-mesh-worker=65536"
    "memorysetup-temp-allocator-size-audio-worker=65536"
    "memorysetup-temp-allocator-size-cloud-worker=32768"
    "memorysetup-temp-allocator-size-gi-baking-worker=262144"
    "memorysetup-temp-allocator-size-gfx=262144"
Refreshing native plugins compatible for Editor in 108.37 ms, found 4 plugins.
Preloading 0 native plugins for Editor in 0.00 ms.
Initialize engine version: 2021.2.0b9 (162b5e238388)
[Subsystems] Discovering subsystems at path D:/Unity/Hub/Editor/2021.2.0b9/Editor/Data/Resources/UnitySubsystems
[Subsystems] Discovering subsystems at path I:/bjonreyes github/Djordje Stanisavljevic's LSW programming interview task/LSW clothes shop/LSW-clothes-shop/Assets
GfxDevice: creating device client; threaded=0; jobified=0
Direct3D:
    Version:  Direct3D 11.0 [level 11.1]
    Renderer: NVIDIA GeForce GTX 1080 (ID=0x1b80)
    Vendor:   NVIDIA
    VRAM:     8079 MB
    Driver:   30.0.14.7196
Initialize mono
Mono path[0] = 'D:/Unity/Hub/Editor/2021.2.0b9/Editor/Data/Managed'
Mono path[1] = 'D:/Unity/Hub/Editor/2021.2.0b9/Editor/Data/MonoBleedingEdge/lib/mono/unityjit-win32'
Mono config path = 'D:/Unity/Hub/Editor/2021.2.0b9/Editor/Data/MonoBleedingEdge/etc'
Using monoOptions --debugger-agent=transport=dt_socket,embedding=1,server=y,suspend=n,address=127.0.0.1:56956
Begin MonoManager ReloadAssembly
Registering precompiled unity dll's ...
Register platform support module: D:/Unity/Hub/Editor/2021.2.0b9/Editor/Data/PlaybackEngines/WindowsStandaloneSupport/UnityEditor.WindowsStandalone.Extensions.dll
Registered in 0.003333 seconds.
Native extension for WindowsStandalone target not found
Refreshing native plugins compatible for Editor in 109.58 ms, found 4 plugins.
Preloading 0 native plugins for Editor in 0.00 ms.
Mono: successfully reloaded assembly
- Completed reload, in  0.842 seconds
Domain Reload Profiling:
	ReloadAssembly (872ms)
		BeginReloadAssembly (67ms)
			ExecutionOrderSort (0ms)
			DisableScriptedObjects (0ms)
			BackupInstance (0ms)
			ReleaseScriptingObjects (0ms)
			CreateAndSetChildDomain (1ms)
		EndReloadAssembly (555ms)
			LoadAssemblies (66ms)
			RebuildTransferFunctionScriptingTraits (0ms)
			SetupTypeCache (188ms)
			ReleaseScriptCaches (0ms)
			RebuildScriptCaches (23ms)
			SetupLoadedEditorAssemblies (265ms)
				LogAssemblyErrors (0ms)
				InitializePlatformSupportModulesInManaged (7ms)
				SetLoadedEditorAssemblies (0ms)
				RefreshPlugins (110ms)
				BeforeProcessingInitializeOnLoad (2ms)
				ProcessInitializeOnLoadAttributes (101ms)
				ProcessInitializeOnLoadMethodAttributes (46ms)
				AfterProcessingInitializeOnLoad (0ms)
				EditorAssembliesLoaded (0ms)
			ExecutionOrderSort2 (0ms)
			AwakeInstancesAfterBackupRestoration (0ms)
Platform modules already initialized, skipping
Registering precompiled user dll's ...
Registered in 0.007566 seconds.
Begin MonoManager ReloadAssembly
Symbol file LoadedFromMemory doesn't match image I:\bjonreyes github\Djordje Stanisavljevic's LSW programming interview task\LSW clothes shop\LSW-clothes-shop\Library\PackageCache\com.unity.visualscripting@1.7.2\Editor\VisualScripting.Core\Dependencies\YamlDotNet\Unity.VisualScripting.YamlDotNet.dll
Symbol file LoadedFromMemory doesn't match image I:\bjonreyes github\Djordje Stanisavljevic's LSW programming interview task\LSW clothes shop\LSW-clothes-shop\Library\PackageCache\com.unity.visualscripting@1.7.2\Editor\VisualScripting.Core\Dependencies\DotNetZip\Unity.VisualScripting.IonicZip.dll
Native extension for WindowsStandalone target not found
Refreshing native plugins compatible for Editor in 115.03 ms, found 4 plugins.
Preloading 0 native plugins for Editor in 0.00 ms.
[com.unity.burst] Burst is disabled entirely, either from the command line or because this is not the main Unity process
UnityEngine.StackTraceUtility:ExtractStackTrace ()
UnityEngine.DebugLogHandler:LogFormat (UnityEngine.LogType,UnityEngine.Object,string,object[])
UnityEngine.Logger:Log (UnityEngine.LogType,object)
UnityEngine.Debug:LogWarning (object)
Unity.Burst.Editor.BurstLoader:.cctor () (at Library/PackageCache/com.unity.burst@1.6.0-pre.2/Editor/BurstLoader.cs:107)
System.Runtime.CompilerServices.RuntimeHelpers:RunClassConstructor (System.RuntimeTypeHandle)
UnityEditor.EditorAssemblies:ProcessInitializeOnLoadAttributes (System.Type[])

(Filename: Library/PackageCache/com.unity.burst@1.6.0-pre.2/Editor/BurstLoader.cs Line: 107)

Mono: successfully reloaded assembly
- Completed reload, in  1.997 seconds
Domain Reload Profiling:
	ReloadAssembly (2062ms)
		BeginReloadAssembly (166ms)
			ExecutionOrderSort (0ms)
			DisableScriptedObjects (6ms)
			BackupInstance (0ms)
			ReleaseScriptingObjects (0ms)
			CreateAndSetChildDomain (23ms)
		EndReloadAssembly (1803ms)
			LoadAssemblies (84ms)
			RebuildTransferFunctionScriptingTraits (0ms)
			SetupTypeCache (507ms)
			ReleaseScriptCaches (1ms)
			RebuildScriptCaches (97ms)
			SetupLoadedEditorAssemblies (633ms)
				LogAssemblyErrors (0ms)
				InitializePlatformSupportModulesInManaged (11ms)
				SetLoadedEditorAssemblies (0ms)
				RefreshPlugins (115ms)
				BeforeProcessingInitializeOnLoad (109ms)
				ProcessInitializeOnLoadAttributes (361ms)
				ProcessInitializeOnLoadMethodAttributes (33ms)
				AfterProcessingInitializeOnLoad (3ms)
				EditorAssembliesLoaded (0ms)
			ExecutionOrderSort2 (0ms)
			AwakeInstancesAfterBackupRestoration (7ms)
Platform modules already initialized, skipping
========================================================================
Worker process is ready to serve import requests
Launched and connected shader compiler UnityShaderCompiler.exe after 0.06 seconds
Refreshing native plugins compatible for Editor in 1.07 ms, found 4 plugins.
Preloading 0 native plugins for Editor in 0.00 ms.
Unloading 5221 Unused Serialized files (Serialized files now loaded: 0)
Unloading 50 unused Assets / (0.7 MB). Loaded Objects now: 5666.
Memory consumption went from 207.6 MB to 206.9 MB.
Total: 4.929600 ms (FindLiveObjects: 0.554500 ms CreateObjectMapping: 0.455400 ms MarkObjects: 3.560100 ms  DeleteObjects: 0.358000 ms)

AssetImportParameters requested are different than current active one (requested -> active):
  custom:framework-win-MediaFoundation: 216162199b28c13a410421893ffa2e32 -> 
  custom:video-decoder-ogg-theora: a1e56fd34408186e4bbccfd4996cb3dc -> 
  custom:container-muxer-webm: aa71ff27fc2769a1b78a27578f13a17b -> 
  custom:container-demuxer-webm: 4f35f7cbe854078d1ac9338744f61a02 -> 
  custom:video-encoder-webm-vp8: eb34c28f22e8b96e1ab97ce403110664 -> 
  custom:container-demuxer-ogg: 62fdf1f143b41e24485cea50d1cbac27 -> 
  custom:audio-decoder-ogg-vorbis: bf7c407c2cedff20999df2af8eb42d56 -> 
  custom:video-decoder-webm-vp8: 9c59270c3fd7afecdb556c50c9e8de78 -> 
  custom:audio-encoder-webm-vorbis: bf7c407c2cedff20999df2af8eb42d56 -> 
========================================================================
Received Import Request.
  Time since last request: 19457.055398 seconds.
  path: Assets/LSW/Wall Rule Tile.asset
  artifactKey: Guid(4acc66c48da81e040b1367318f01cd25) Importer(815301076,1909f56bfc062723c751e8b465ee728b)
Start importing Assets/LSW/Wall Rule Tile.asset using Guid(4acc66c48da81e040b1367318f01cd25) Importer(815301076,1909f56bfc062723c751e8b465ee728b)  -> (artifact id: 'bc3cafc07cec7ad330d46561bfa89ca4') in 0.062706 seconds 
========================================================================
Received Import Request.
  Time since last request: 117.147857 seconds.
  path: Assets/LSW/Wall Rule Tile.asset
  artifactKey: Guid(4acc66c48da81e040b1367318f01cd25) Importer(815301076,1909f56bfc062723c751e8b465ee728b)
Start importing Assets/LSW/Wall Rule Tile.asset using Guid(4acc66c48da81e040b1367318f01cd25) Importer(815301076,1909f56bfc062723c751e8b465ee728b)  -> (artifact id: '1688667f85a915fd5a6f619bf47d14b4') in 0.026372 seconds 
========================================================================
Received Import Request.
  Time since last request: 16.868976 seconds.
  path: Assets/LSW/Tile Palette
  artifactKey: Guid(a4a9f15c4e703484ca08ab9996d2e521) Importer(815301076,1909f56bfc062723c751e8b465ee728b)
Start importing Assets/LSW/Tile Palette using Guid(a4a9f15c4e703484ca08ab9996d2e521) Importer(815301076,1909f56bfc062723c751e8b465ee728b)  -> (artifact id: '6999d790b947ae624656dea742813689') in 0.001648 seconds 
========================================================================
Received Import Request.
  Time since last request: 0.038856 seconds.
  path: Assets/LSW/Tile Palette/Tile Palette.prefab
  artifactKey: Guid(fc6cdc22399804243996f11d0a06b9bf) Importer(815301076,1909f56bfc062723c751e8b465ee728b)
Start importing Assets/LSW/Tile Palette/Tile Palette.prefab using Guid(fc6cdc22399804243996f11d0a06b9bf) Importer(815301076,1909f56bfc062723c751e8b465ee728b) StackOverflowException: The requested operation caused a stack overflow.
  at (wrapper managed-to-native) UnityEditor.EditorUtility.Internal_InstantiateRemoveAllNonAnimationComponentsSingle_Injected(UnityEngine.Object,UnityEngine.Vector3&,UnityEngine.Quaternion&)
  at UnityEditor.EditorUtility.Internal_InstantiateRemoveAllNonAnimationComponentsSingle (UnityEngine.Object data, UnityEngine.Vector3 pos, UnityEngine.Quaternion rot) [0x00000] in <9de32d58e117474d9df95577a7ba5c6d>:0 
  at UnityEditor.EditorUtility.InstantiateRemoveAllNonAnimationComponents (UnityEngine.Object original, UnityEngine.Vector3 position, UnityEngine.Quaternion rotation) [0x00017] in <9de32d58e117474d9df95577a7ba5c6d>:0 
  at UnityEditor.EditorUtility.InstantiateForAnimatorPreview (UnityEngine.Object original) [0x00022] in <9de32d58e117474d9df95577a7ba5c6d>:0 
  at UnityEditor.GameObjectInspector+PreviewData.UpdateGameObject (UnityEngine.Object targetObject) [0x0000d] in <9de32d58e117474d9df95577a7ba5c6d>:0 
  at UnityEditor.GameObjectInspector+PreviewData..ctor (UnityEngine.Object targetObject) [0x00029] in <9de32d58e117474d9df95577a7ba5c6d>:0 
  at UnityEditor.GameObjectInspector.GetPreviewData () [0x00022] in <9de32d58e117474d9df95577a7ba5c6d>:0 
  at UnityEditor.GameObjectInspector.RenderStaticPreview (System.String assetPath, UnityEngine.Object[] subAssets, System.Int32 width, System.Int32 height) [0x0001d] in <9de32d58e117474d9df95577a7ba5c6d>:0 
  at UnityEditor.AssetPreviewUpdater.CreatePreview (UnityEngine.Object obj, UnityEngine.Object[] subAssets, System.String assetPath, System.Int32 width, System.Int32 height) [0x00093] in <9de32d58e117474d9df95577a7ba5c6d>:0 
  at UnityEditor.AssetPreviewUpdater.CreatePreviewForAsset (UnityEngine.Object obj, UnityEngine.Object[] subAssets, System.String assetPath) [0x00001] in <9de32d58e117474d9df95577a7ba5c6d>:0 

 -> (artifact id: 'ca23d671fc89bbb656c75e642f7f85e0') in 0.030789 seconds 
